[ERR!] cwd  : D:\workspaceAng\ang2chat
[ERR!] os   : Windows_NT 6.1.7601
[ERR!] argv : "D:\\Mean\\nodejs\\node.exe" "C:\\Users\\jaime.agudo\\AppData\\Roaming\\npm\\node_modules\\tsd\\build\\cli.js"
[ERR!] node : v6.10.1
[ERR!] tsd  : 0.6.5
[ERR!] Error: Cannot find module 'isarray'
[ERR!] CODE : MODULE_NOT_FOUND
[ERR!] Cannot find module 'isarray'
[ERR!] If you need help, you may report this error at:
    https://github.com/DefinitelyTyped/tsd/issues

[ERR!] 
Error: Cannot find module 'isarray'
    at Function.Module._resolveFilename (module.js:469:15)
    at Function.Module._load (module.js:417:25)
    at Module.require (module.js:497:17)
    at require (internal/module.js:20:19)
    at Object.<anonymous> (C:\Users\jaime.agudo\AppData\Roaming\npm\node_modules\tsd\node_modules\update-notifier\node_modules\latest-version\node_modules\package-json\node_modules\got\node_modules\duplexify\node_modules\readable-stream\lib\_stream_readable.js:11:15)
    at Module._compile (module.js:570:32)
    at Object.Module._extensions..js (module.js:579:10)
    at Module.load (module.js:487:32)
    at tryModuleLoad (module.js:446:12)
    at Function.Module._load (module.js:438:3)

[ERR!] tsd.json could not be retrieved

[ERR!] .tsdrc could not be retrieved

[ERR!] Please include the following file with any support request:
    D:\workspaceAng\ang2chat\tsd-debug.log

